<?xml version="1.0" encoding="UTF-8"?>
<!-- Generated by org.testng.reporters.JUnitReportReporter -->
<testsuite hostname="DESKTOP-IG4AEFV" failures="0" tests="1" name="lerning.amazon.tests.Toypage" time="17.836" errors="0" timestamp="2023-07-20T11:14:33 IST" skipped="0">
  <testcase classname="lerning.amazon.tests.Toypage" name="Toyproduct" time="17.836"/>
</testsuite> <!-- lerning.amazon.tests.Toypage -->
