<?xml version="1.0" encoding="UTF-8"?>
<!-- Generated by org.testng.reporters.JUnitReportReporter -->
<testsuite hostname="DESKTOP-IG4AEFV" failures="0" tests="1" name="Test.demo" time="7.588" errors="0" timestamp="2023-06-18T14:14:23 IST" skipped="0">
  <testcase classname="Test.demo" name="setup" time="7.588"/>
</testsuite> <!-- Test.demo -->
