<?xml version="1.0" encoding="UTF-8"?>
<!-- Generated by org.testng.reporters.JUnitReportReporter -->
<testsuite hostname="DESKTOP-IG4AEFV" failures="0" tests="2" name="Logintrial.BaseTest" time="0.853" errors="0" timestamp="2023-06-15T14:22:33 IST" skipped="0">
  <testcase classname="Logintrial.BaseTest" name="serchproducts" time="0.506"/>
  <testcase classname="Logintrial.BaseTest" name="LoginTestpage" time="0.347"/>
</testsuite> <!-- Logintrial.BaseTest -->
